<?xml version="1.0" encoding="UTF-8"?>
<!-- Generated by org.testng.reporters.JUnitReportReporter -->
<testsuite hostname="DESKTOP-FUGQNF4" failures="0" tests="4" name="com.testNG.TestNGGroups" time="0.127" errors="0" timestamp="2023-08-17T09:32:29 EDT" skipped="0">
  <testcase classname="com.testNG.TestNGGroups" name="testCase4" time="0.013"/>
  <testcase classname="com.testNG.TestNGGroups" name="testCase1" time="0.013"/>
  <testcase classname="com.testNG.TestNGGroups" name="testCase2" time="0.072"/>
  <testcase classname="com.testNG.TestNGGroups" name="testCase3" time="0.029"/>
</testsuite> <!-- com.testNG.TestNGGroups -->
