<?xml version="1.0" encoding="UTF-8"?>
<!-- Generated by org.testng.reporters.JUnitReportReporter -->
<testsuite hostname="DESKTOP-FUGQNF4" failures="0" tests="4" name="com.testNG.TestNgAnnotations1" time="0.051" errors="0" timestamp="2023-08-08T01:16:10 EDT" skipped="1">
  <testcase classname="com.testNG.TestNgAnnotations1" name="testCase2" time="0.035"/>
  <testcase classname="com.testNG.TestNgAnnotations1" name="testCase1" time="0.006"/>
  <testcase classname="com.testNG.TestNgAnnotations1" name="atestCase4" time="0.010"/>
  <testcase classname="com.testNG.TestNgAnnotations1" name="testCase3">
    <skipped/>
  </testcase> <!-- testCase3 -->
</testsuite> <!-- com.testNG.TestNgAnnotations1 -->
