<?xml version="1.0" encoding="UTF-8"?>
<!-- Generated by org.testng.reporters.JUnitReportReporter -->
<testsuite hostname="DESKTOP-FUGQNF4" failures="0" tests="4" name="com.testNG.TestNGGroups2" time="0.390" errors="0" timestamp="2023-08-09T02:31:57 EDT" skipped="0">
  <testcase classname="com.testNG.TestNGGroups2" name="testCase8" time="0.041"/>
  <testcase classname="com.testNG.TestNGGroups2" name="testCase5" time="0.193"/>
  <testcase classname="com.testNG.TestNGGroups2" name="testCase7" time="0.078"/>
  <testcase classname="com.testNG.TestNGGroups2" name="testCase6" time="0.078"/>
</testsuite> <!-- com.testNG.TestNGGroups2 -->
