<?xml version="1.0" encoding="UTF-8"?>
<!-- Generated by org.testng.reporters.JUnitReportReporter -->
<testsuite hostname="DESKTOP-FUGQNF4" failures="0" tests="2" name="com.testNG.TestNGParallel2" time="24.253" errors="0" timestamp="2023-08-10T02:18:20 EDT" skipped="0">
  <testcase classname="com.testNG.TestNGParallel2" name="launchLambdatest" time="12.133"/>
  <testcase classname="com.testNG.TestNGParallel2" name="launchSaucelabs" time="12.120"/>
</testsuite> <!-- com.testNG.TestNGParallel2 -->
