<?xml version="1.0" encoding="UTF-8"?>
<!-- Generated by org.testng.reporters.JUnitReportReporter -->
<testsuite hostname="DESKTOP-FUGQNF4" failures="0" tests="1" name="com.selenium.intermediate.GreenCartDiscountPercentage" time="9.864" errors="0" timestamp="2023-08-09T01:15:01 EDT" skipped="0">
  <testcase classname="com.selenium.intermediate.GreenCartDiscountPercentage" name="testcase1" time="9.864"/>
</testsuite> <!-- com.selenium.intermediate.GreenCartDiscountPercentage -->
