<?xml version="1.0" encoding="UTF-8"?>
<!-- Generated by org.testng.reporters.JUnitReportReporter -->
<testsuite hostname="DESKTOP-FUGQNF4" failures="0" tests="3" name="com.testNG.TestNgAnnotations" time="0.014" errors="0" timestamp="2023-08-07T02:59:14 EDT" skipped="0">
  <testcase classname="com.testNG.TestNgAnnotations" name="Test2" time="0.003"/>
  <testcase classname="com.testNG.TestNgAnnotations" name="Test3" time="0.002"/>
  <testcase classname="com.testNG.TestNgAnnotations" name="Test1" time="0.009"/>
</testsuite> <!-- com.testNG.TestNgAnnotations -->
