<?xml version="1.0" encoding="UTF-8"?>
<!-- Generated by org.testng.reporters.JUnitReportReporter -->
<testsuite hostname="DESKTOP-FUGQNF4" failures="0" tests="3" name="com.testNG.ParameterizationUsingDataProvider" time="22.867" errors="0" timestamp="2023-08-11T01:35:50 EDT" skipped="0">
  <testcase classname="com.testNG.ParameterizationUsingDataProvider" name="fetchData" time="6.403"/>
  <testcase classname="com.testNG.ParameterizationUsingDataProvider" name="fetchData" time="9.069"/>
  <testcase classname="com.testNG.ParameterizationUsingDataProvider" name="fetchData" time="7.395"/>
</testsuite> <!-- com.testNG.ParameterizationUsingDataProvider -->
